<?xml version="1.0" encoding="UTF-8"?>
<!-- Generated by org.testng.reporters.JUnitReportReporter -->
<testsuite hostname="DESKTOP-13DJ6LQ" failures="0" tests="1" name="Selenium.delete" time="24.435" errors="0" timestamp="2022-02-23T15:58:39 IST" skipped="0">
  <testcase classname="Selenium.delete" name="orangehrm" time="24.435"/>
  <system-out/>
</testsuite> <!-- Selenium.delete -->
